<?xml version="1.0" encoding="UTF-8"?>
<!-- Generated by org.testng.reporters.JUnitReportReporter -->
<testsuite hostname="LAPTOP-6M9JFRC5" failures="0" tests="1" name="BasicTestNg" time="0.020" errors="0" timestamp="2022-06-08T14:40:29 IST" skipped="0">
  <testcase classname="BasicTestNg" name="HellpWord" time="0.020"/>
  <system-out/>
</testsuite> <!-- BasicTestNg -->
