<?xml version="1.0" encoding="UTF-8"?>
<!-- Generated by org.testng.reporters.JUnitReportReporter -->
<testsuite hostname="LAPTOP-6M9JFRC5" failures="0" tests="5" name="test.BasicTestNg" time="0.018" errors="0" timestamp="2022-06-08T23:55:24 IST" skipped="0">
  <testcase classname="test.BasicTestNg" name="HellpWord1" time="0.002"/>
  <system-out/>
  <testcase classname="test.BasicTestNg" name="CANCEL" time="0.009"/>
  <system-out/>
  <testcase classname="test.BasicTestNg" name="method" time="0.003"/>
  <system-out/>
  <testcase classname="test.BasicTestNg" name="HellpWord2" time="0.002"/>
  <system-out/>
  <testcase classname="test.BasicTestNg" name="HellpWord" time="0.002"/>
  <system-out/>
</testsuite> <!-- test.BasicTestNg -->
